<?xml version="1.0" encoding="UTF-8"?>
<!-- Generated by org.testng.reporters.JUnitXMLReporter -->
<testsuite hostname="VG-IT-LAP-14" ignored="4" name="Test(failed)(failed)" tests="2" failures="1" timestamp="2020-07-28T19:25:11 IST" time="70.262" errors="0">
  <testcase name="searchName" time="42.849" classname="teazzers.testcases.suppliers.TEAZ48Suppliers_SearchbyName">
    <failure type="org.openqa.selenium.TimeoutException" message="Expected condition failed: waiting for title to contain &amp;quot;TeaWorld - Edit&amp;quot;. Current title: &amp;quot;teazzersdev.azurewebsites.net&amp;quot; (tried for 10 second(s) with 500 milliseconds interval)
Build info: version: &amp;apos;3.141.59&amp;apos;, revision: &amp;apos;e82be7d358&amp;apos;, time: &amp;apos;2018-11-14T08:17:03&amp;apos;
System info: host: &amp;apos;VG-IT-LAP-14&amp;apos;, ip: &amp;apos;192.168.0.101&amp;apos;, os.name: &amp;apos;Windows 10&amp;apos;, os.arch: &amp;apos;x86&amp;apos;, os.version: &amp;apos;10.0&amp;apos;, java.version: &amp;apos;1.8.0_161&amp;apos;
Driver info: org.openqa.selenium.chrome.ChromeDriver
Capabilities {acceptInsecureCerts: false, browserName: chrome, browserVersion: 84.0.4147.105, chrome: {chromedriverVersion: 83.0.4103.39 (ccbf011cb2d2b..., userDataDir: C:\Users\suganyap\AppData\L...}, goog:chromeOptions: {debuggerAddress: localhost:60663}, javascriptEnabled: true, networkConnectionEnabled: false, pageLoadStrategy: normal, platform: WINDOWS, platformName: WINDOWS, proxy: Proxy(), setWindowRect: true, strictFileInteractability: false, timeouts: {implicit: 0, pageLoad: 300000, script: 30000}, unhandledPromptBehavior: dismiss and notify, webauthn:virtualAuthenticators: true}
Session ID: 8c5e19edc6444f602c4360c00bb12cce">
      <![CDATA[org.openqa.selenium.TimeoutException: Expected condition failed: waiting for title to contain "TeaWorld - Edit". Current title: "teazzersdev.azurewebsites.net" (tried for 10 second(s) with 500 milliseconds interval)
Build info: version: '3.141.59', revision: 'e82be7d358', time: '2018-11-14T08:17:03'
System info: host: 'VG-IT-LAP-14', ip: '192.168.0.101', os.name: 'Windows 10', os.arch: 'x86', os.version: '10.0', java.version: '1.8.0_161'
Driver info: org.openqa.selenium.chrome.ChromeDriver
Capabilities {acceptInsecureCerts: false, browserName: chrome, browserVersion: 84.0.4147.105, chrome: {chromedriverVersion: 83.0.4103.39 (ccbf011cb2d2b..., userDataDir: C:\Users\suganyap\AppData\L...}, goog:chromeOptions: {debuggerAddress: localhost:60663}, javascriptEnabled: true, networkConnectionEnabled: false, pageLoadStrategy: normal, platform: WINDOWS, platformName: WINDOWS, proxy: Proxy(), setWindowRect: true, strictFileInteractability: false, timeouts: {implicit: 0, pageLoad: 300000, script: 30000}, unhandledPromptBehavior: dismiss and notify, webauthn:virtualAuthenticators: true}
Session ID: 8c5e19edc6444f602c4360c00bb12cce
at org.openqa.selenium.support.ui.WebDriverWait.timeoutException(WebDriverWait.java:95)
at org.openqa.selenium.support.ui.FluentWait.until(FluentWait.java:272)
at teazzers.pages.EditParentCompanypage.getUniqueNum(EditParentCompanypage.java:23)
at teazzers.testcases.suppliers.TEAZ48Suppliers_SearchbyName.searchName(TEAZ48Suppliers_SearchbyName.java:23)
at java.util.concurrent.ThreadPoolExecutor.runWorker(Unknown Source)
at java.util.concurrent.ThreadPoolExecutor$Worker.run(Unknown Source)
at java.lang.Thread.run(Unknown Source)
... Removed 12 stack frames]]>
    </failure>
  </testcase> <!-- searchName -->
  <testcase name="editSupplier" time="55.543" classname="teazzers.testcases.suppliers.TEAZ51Suppliers_EditSupplier"/>
  <testcase name="@BeforeSuite startReport" time="0.0" classname="teazzers.util.Reporter">
    <ignored/>
  </testcase> <!-- @BeforeSuite startReport -->
  <testcase name="@AfterSuite stopReport" time="0.0" classname="teazzers.util.Reporter">
    <ignored/>
  </testcase> <!-- @AfterSuite stopReport -->
  <testcase name="@BeforeSuite loadObj" time="0.0" classname="teazzers.api.ProjSpecificMethods">
    <ignored/>
  </testcase> <!-- @BeforeSuite loadObj -->
  <testcase name="@AfterSuite unloadObj" time="0.0" classname="teazzers.api.ProjSpecificMethods">
    <ignored/>
  </testcase> <!-- @AfterSuite unloadObj -->
</testsuite> <!-- Test(failed)(failed) -->
